writeCommonTags: couldn't write 'year' tag to 'Eminem/Curtain Call/01 Intro (Curtain Call).m4a' as it's not a positive integer
writeCommonTags: couldn't write 'year' tag to 'Eminem/Curtain Call/02 Fack.m4a' as it's not a positive integer
writeCommonTags: couldn't write 'year' tag to 'Eminem/Curtain Call/03 The Way I Am.m4a' as it's not a positive integer
writeCommonTags: couldn't write 'year' tag to 'Eminem/Curtain Call/04 My Name Is (2).m4a' as it's not a positive integer
writeCommonTags: couldn't write 'year' tag to 'Eminem/Curtain Call/04 My Name Is.m4a' as it's not a positive integer
writeCommonTags: couldn't write 'year' tag to 'Eminem/Curtain Call/05 Stan (feat. Dido).m4a' as it's not a positive integer
writeCommonTags: couldn't write 'year' tag to 'Eminem/Curtain Call/06 Lose Yourself.m4a' as it's not a positive integer
writeCommonTags: couldn't write 'year' tag to 'Eminem/Curtain Call/07 Shake That.m4a' as it's not a positive integer
writeCommonTags: couldn't write 'year' tag to 'Eminem/Curtain Call/08 Sing for the Moment.m4a' as it's not a positive integer
writeCommonTags: couldn't write 'year' tag to 'Eminem/Curtain Call/09 Without Me.m4a' as it's not a positive integer
writeCommonTags: couldn't write 'year' tag to 'Eminem/Curtain Call/10 Like Toy Soldiers.m4a' as it's not a positive integer
writeCommonTags: couldn't write 'year' tag to 'Eminem/Curtain Call/11 The Real Slim Shady.m4a' as it's not a positive integer
writeCommonTags: couldn't write 'year' tag to 'Eminem/Curtain Call/12 Mockingbird.m4a' as it's not a positive integer
writeCommonTags: couldn't write 'year' tag to 'Eminem/Curtain Call/13 Guilty Conscience (feat. Dr. Dre).m4a' as it's not a positive integer
writeCommonTags: couldn't write 'year' tag to 'Eminem/Curtain Call/14 Cleanin' Out My Closet.m4a' as it's not a positive integer
writeCommonTags: couldn't write 'year' tag to 'Eminem/Curtain Call/15 Just Lose It.m4a' as it's not a positive integer
writeCommonTags: couldn't write 'year' tag to 'Eminem/Curtain Call/16 When I'm Gone.m4a' as it's not a positive integer
writeCommonTags: couldn't write 'year' tag to 'Eminem/Curtain Call/17 Stan.m4a' as it's not a positive integer
writeCommonTags: couldn't write 'year' tag to 'Die drei ___/Folge 166_ und die brennende Stadt/01 166 - und die brennende Stadt (Te.m4a' as it's not a positive integer
writeCommonTags: couldn't write 'year' tag to 'Die drei ___/Folge 166_ und die brennende Stadt/02 166 - und die brennende Stadt (Te.m4a' as it's not a positive integer
writeCommonTags: couldn't write 'year' tag to 'Die drei ___/Folge 166_ und die brennende Stadt/03 166 - und die brennende Stadt (Te.m4a' as it's not a positive integer
writeCommonTags: couldn't write 'year' tag to 'Die drei ___/Folge 166_ und die brennende Stadt/04 166 - und die brennende Stadt (Te.m4a' as it's not a positive integer
